Please input all the commands
Pleas input the testcase:
1011011={/!&}=NCKU=NCKU114514-0@#$=%^*_+01-1-0123
111011={/!&}=NCKU=NCKU114514-0@#$=%^*_+01-1-0123
11111={/!&}=NCKU=NCKU114514-0@#$=%^*_+01-1-0123
11111={/!&}=NCKU=NCKU114514-0@#$=%^*_+1-1-0123
11111={/!&}=NCKU=NCKU114514-0@#$=%^*_+1-1-123
11111={/!&}=NCKU=NCKU114514-1@#$=%^*_+1-1-123
21111={/!&}=NCKU=NCKU114514-1@#$=%^*_+1-1-123
22111={/!&}=NCKU=NCKU114514-1@#$=%^*_+1-1-123
22211={/!&}=NCKU=NCKU114514-1@#$=%^*_+1-1-123
22221={/!&}=NCKU=NCKU114514-1@#$=%^*_+1-1-123
22222={/!&}=NCKU=NCKU114514-1@#$=%^*_+1-1-123
22222={/!&}=NCKU=NCKU214514-1@#$=%^*_+1-1-123
22222={/!&}=NCKU=NCKU224514-1@#$=%^*_+1-1-123
22222={/!&}=NCKU=NCKU224524-1@#$=%^*_+1-1-123
22222={/!&}=NCKU=NCKU224524-2@#$=%^*_+1-1-123
22222={/!&}=NCKU=NCKU224524-2@#$=%^*_+2-1-123
22222={/!&}=NCKU=NCKU224524-2@#$=%^*_+2-2-123
22222={/!&}=NCKU=NCKU224524-2@#$=%^*_+2-2-223
222223{/!&}=NCKU=NCKU224524-2@#$=%^*_+2-2-223
222223{/!&}3NCKU=NCKU224524-2@#$=%^*_+2-2-223
222223{/!&}3NCKU3NCKU224524-2@#$=%^*_+2-2-223
222223{/!&}3NCKU3NCKU224524-2@#$3%^*_+2-2-223
222223{/!&}3CSIE3NCKU224524-2@#$3%^*_+2-2-223
222223{/!&}3CSIE3CSIE224524-2@#$3%^*_+2-2-223
222223{/!&}3CSIE3CSIE224524-3@#$3%^*_+2-2-223
222223{/!&}3CSIE3CSIE224524-3@#$3%^*_+2-3-223
222223{/!&}3CSIE3CSIE224524-3@#$3%^*_+2-3-323
422223{/!&}3CSIE3CSIE224524-3@#$3%^*_+2-3-323
442223{/!&}3CSIE3CSIE224524-3@#$3%^*_+2-3-323
444223{/!&}3CSIE3CSIE224524-3@#$3%^*_+2-3-323
444423{/!&}3CSIE3CSIE224524-3@#$3%^*_+2-3-323
444443{/!&}3CSIE3CSIE224524-3@#$3%^*_+2-3-323
444443{/!&}3CSIE3CSIE424524-3@#$3%^*_+2-3-323
444443{/!&}3CSIE3CSIE444524-3@#$3%^*_+2-3-323
444443{/!&}3CSIE3CSIE444544-3@#$3%^*_+2-3-323
444443{/!&}3CSIE3CSIE444544-3@#$3%^*_+4-3-323
444443{/!&}3CSIE3CSIE444544-3@#$3%^*_+4-3-343
444443(\?|)3CSIE3CSIE444544-3@#$3%^*_+4-3-343
Output: 444443(\?|)3CSIE3CSIE444544-3@#$3%^*_+4-3-343
