Please input all the commands
rw>G&]G? = k-qAB|o<
?''$K9y: = QUk6sa<`
y9|#~m;B = WS=;$8Be
s"-6t2sl = 6TJrh2y,
[zF=652* = 6gBn}3EO
2k<(h0)f = gAdhbpH;
w7M[d\q_ = $4i3a63D
yo"K+1m3 = 8;"EBx.0
m>ikz)8% = g;R{thbB
jK1:5D(6 = GwHuvf]_
}QX^`s24 = \lf}Sp~v
QMyP*0I' = FzL8eBPm
IpMrF>zZ = ]?!\kDt:
KJr:o!12 = tenI:g'%
i*r*_J0h = ZTq?c>2O
l7_$F)_> = n@+#9fxE
wL5]!,j[ = 2%,kaM<5
i2i3<bKw = T|"e}X7&
~7V(3^[N = M@&|\@ki
"le-Ae^Z = F6)I-ix6
iM}le%_a = (aiQzwm0
o-\,<)oA = `Wb8jM=4
5u@PLwjG = L-PM.;ZX
=J[{_{m" = (4sG}Db#
%/#[!1?/ = zXO<t5u7
5gONLnQc = "Ty]rIUK
GYPZOgY2 = '0"&c^.p
1#ZP^#H\ = wm>]ES.K
4^r;MNZ2 = N@~sNg`&
@a^|x]*| = %zb_lF9d
gMKS>^d~ = Y\0_0bg+
H=!A4v=O = :!@i1\TK
wD%YD+]X = ]<5+IBaV
h8n(st0b = r.4(nTtx
MnrlI/%V = `2ftDLeg
_\_||6{0 = cY{c_3Ok
+^DO/}]J = $+3N^0r0
8[yIiN>9 = S3]LJVDC
Lg0'VIhI = xHa4{ZDb
,c>|QB7d = V4v%~rh0
P|u*f*i~ = k]bJ6/3|
(<L8-UO4 = sUz06ZX%
WP!p4[qm = Q3,-:Q1[
geNrE5{c = ?;wY[&He
KrS`ri2" = geW{TSo^
Du/gA`;W = wlOrGN]!
QAgNwoE? = */0%^H7#
h8U{JNzg = W;@`.e<%
WN!rE1z~ = "((gvm4e
NwJl[tw7 = YVE3,~.D
